<?xml version="1.0" encoding="UTF-8"?>
<testng-results ignored="0" total="1" passed="1" failed="0" skipped="0">
  <reporter-output>
  </reporter-output>
  <suite started-at="2024-05-15T16:13:46 EDT" name="Default suite" finished-at="2024-05-15T16:13:46 EDT" duration-ms="79">
    <groups>
    </groups>
    <test started-at="2024-05-15T16:13:46 EDT" name="Default test" finished-at="2024-05-15T16:13:46 EDT" duration-ms="79">
      <class name="com.java.Array">
        <test-method signature="changeArrayToList()[pri:0, instance:com.java.Array@2892d68]" started-at="2024-05-15T16:13:46 EDT" name="changeArrayToList" finished-at="2024-05-15T16:13:46 EDT" duration-ms="13" status="PASS">
          <reporter-output>
          </reporter-output>
        </test-method> <!-- changeArrayToList -->
      </class> <!-- com.java.Array -->
    </test> <!-- Default test -->
  </suite> <!-- Default suite -->
</testng-results>
