<?xml version="1.0" encoding="UTF-8"?>
<!-- Generated by org.testng.reporters.JUnitXMLReporter -->
<testsuite ignored="1" hostname="jawad" failures="0" tests="1" name="Default test" time="0.079" errors="0" timestamp="2024-05-15T16:13:46 EDT">
  <testcase classname="com.java.Array" name="changeArrayToList" time="0.013"/>
  <testcase classname="com.java.Array" name="declareArrayAndPrint" time="0.0">
    <ignored/>
  </testcase> <!-- declareArrayAndPrint -->
</testsuite> <!-- Default test -->
